生成启动时间为 2014/1/17 15:59:43。
     1>项目“C:\Users\kangy_000\Documents\GitHub\dds\Form\Start\Simulation.vcxproj”在节点 2 上(build 个目标)。
     1>InitializeBuildStatus:
         正在创建“.\Output\WIN32_MSVC60\Debug\Simulation.unsuccessfulbuild”，因为已指定“AlwaysCreate”。
       ClCompile:
         所有输出均为最新。
       ResourceCompile:
         所有输出均为最新。
       ManifestResourceCompile:
         所有输出均为最新。
       Link:
         所有输出均为最新。
       Manifest:
         所有输出均为最新。
       BscMake:
         所有输出均为最新。
       FinalizeBuildStatus:
         正在删除文件“.\Output\WIN32_MSVC60\Debug\Simulation.unsuccessfulbuild”。
         正在对“.\Output\WIN32_MSVC60\Debug\Simulation.lastbuildstate”执行 Touch 任务。
     1>已完成生成项目“C:\Users\kangy_000\Documents\GitHub\dds\Form\Start\Simulation.vcxproj”(build 个目标)的操作。

生成成功。

已用时间 00:00:00.89
